2024-09-14T14:30:48.173062+00:00 WARNING 'ansible_navigator.actions.run_21c4._update_args' Configuration errors encountered, rolling back to previous configuration.
2024-09-14T14:30:48.174433+00:00 WARNING 'ansible_navigator.actions.run_21c4._update_args' Issues were found while applying the settings.
2024-09-14T14:30:48.174575+00:00 WARNING 'ansible_navigator.actions.run_21c4._update_args' A playbook is required when using the run subcommand
2024-09-14T14:31:02.054719+00:00 INFO 'ansible_navigator.setup_logger' New ansible-navigator instance, logging initialized
2024-09-14T14:31:02.056405+00:00 INFO 'ansible_navigator.setup_logger' New ansible-runner instance, logging initialized
2024-09-14T14:31:02.056489+00:00 DEBUG 'ansible_navigator.main' Babel==2.8.0 
2024-09-14T14:31:02.056539+00:00 DEBUG 'ansible_navigator.main' Jinja2==3.0.3 
2024-09-14T14:31:02.056578+00:00 DEBUG 'ansible_navigator.main' MarkupSafe==2.0.1 
2024-09-14T14:31:02.056619+00:00 DEBUG 'ansible_navigator.main' Parsley==1.3 
2024-09-14T14:31:02.056653+00:00 DEBUG 'ansible_navigator.main' PyGObject==3.42.1 
2024-09-14T14:31:02.056684+00:00 DEBUG 'ansible_navigator.main' PyJWT==2.3.0 
2024-09-14T14:31:02.056721+00:00 DEBUG 'ansible_navigator.main' PyYAML==5.4.1 
2024-09-14T14:31:02.056756+00:00 DEBUG 'ansible_navigator.main' SecretStorage==3.3.1 
2024-09-14T14:31:02.056788+00:00 DEBUG 'ansible_navigator.main' ansible-builder==3.1.0 
2024-09-14T14:31:02.056818+00:00 DEBUG 'ansible_navigator.main' ansible-compat==24.9.0 
2024-09-14T14:31:02.056848+00:00 DEBUG 'ansible_navigator.main' ansible-core==2.17.3 
2024-09-14T14:31:02.056878+00:00 DEBUG 'ansible_navigator.main' ansible-lint==24.9.0 
2024-09-14T14:31:02.056911+00:00 DEBUG 'ansible_navigator.main' ansible-navigator==24.9.0 
2024-09-14T14:31:02.056944+00:00 DEBUG 'ansible_navigator.main' ansible-runner==2.4.0 
2024-09-14T14:31:02.056975+00:00 DEBUG 'ansible_navigator.main' ansible==10.3.0 /home/kavindu/.local/lib/python3.10/site-packages/ansible/__init__.py
2024-09-14T14:31:02.057008+00:00 DEBUG 'ansible_navigator.main' apache-libcloud==3.2.0 
2024-09-14T14:31:02.057041+00:00 DEBUG 'ansible_navigator.main' argcomplete==1.8.1 /usr/lib/python3/dist-packages/argcomplete/__init__.py
2024-09-14T14:31:02.057074+00:00 DEBUG 'ansible_navigator.main' bindep==2.11.0 /home/kavindu/.local/lib/python3.10/site-packages/bindep/__init__.py
2024-09-14T14:31:02.057104+00:00 DEBUG 'ansible_navigator.main' certifi==2020.6.20 /usr/lib/python3/dist-packages/certifi/__init__.py
2024-09-14T14:31:02.057134+00:00 DEBUG 'ansible_navigator.main' cffi==1.17.1 /home/kavindu/.local/lib/python3.10/site-packages/cffi/__init__.py
2024-09-14T14:31:02.057163+00:00 DEBUG 'ansible_navigator.main' chardet==4.0.0 /usr/lib/python3/dist-packages/chardet/__init__.py
2024-09-14T14:31:02.057193+00:00 DEBUG 'ansible_navigator.main' click==8.1.7 /home/kavindu/.local/lib/python3.10/site-packages/click/__init__.py
2024-09-14T14:31:02.057223+00:00 DEBUG 'ansible_navigator.main' cryptography==3.4.8 /usr/lib/python3/dist-packages/cryptography/__init__.py
2024-09-14T14:31:02.057253+00:00 DEBUG 'ansible_navigator.main' dbus-python==1.2.18 
2024-09-14T14:31:02.057285+00:00 DEBUG 'ansible_navigator.main' diffusers==0.31.0.dev0 /home/kavindu/.local/lib/python3.10/site-packages/diffusers/__init__.py
2024-09-14T14:31:02.057316+00:00 DEBUG 'ansible_navigator.main' distro-info==1.1+ubuntu0.2 
2024-09-14T14:31:02.057348+00:00 DEBUG 'ansible_navigator.main' distro==1.7.0 /usr/lib/python3/dist-packages/distro/__init__.py
2024-09-14T14:31:02.057378+00:00 DEBUG 'ansible_navigator.main' dnspython==2.1.0 
2024-09-14T14:31:02.057408+00:00 DEBUG 'ansible_navigator.main' httplib2==0.20.2 /usr/lib/python3/dist-packages/httplib2/__init__.py
2024-09-14T14:31:02.057437+00:00 DEBUG 'ansible_navigator.main' huggingface-hub==0.24.6 
2024-09-14T14:31:02.057467+00:00 DEBUG 'ansible_navigator.main' idna==3.3 /usr/lib/python3/dist-packages/idna/__init__.py
2024-09-14T14:31:02.057520+00:00 DEBUG 'ansible_navigator.main' importlib-metadata==4.6.4 
2024-09-14T14:31:02.057570+00:00 DEBUG 'ansible_navigator.main' jmespath==0.10.0 /usr/lib/python3/dist-packages/jmespath/__init__.py
2024-09-14T14:31:02.057621+00:00 DEBUG 'ansible_navigator.main' keyring==23.5.0 /usr/lib/python3/dist-packages/keyring/__init__.py
2024-09-14T14:31:02.057657+00:00 DEBUG 'ansible_navigator.main' launchpadlib==1.10.16 /usr/lib/python3/dist-packages/launchpadlib/__init__.py
2024-09-14T14:31:02.057689+00:00 DEBUG 'ansible_navigator.main' lazr.restfulclient==0.14.4 /usr/lib/python3/dist-packages/lazr/restfulclient/__init__.py
2024-09-14T14:31:02.057719+00:00 DEBUG 'ansible_navigator.main' lazr.uri==1.0.6 /usr/lib/python3/dist-packages/lazr/uri/__init__.py
2024-09-14T14:31:02.057749+00:00 DEBUG 'ansible_navigator.main' lockfile==0.12.2 /usr/lib/python3/dist-packages/lockfile/__init__.py
2024-09-14T14:31:02.057778+00:00 DEBUG 'ansible_navigator.main' more-itertools==8.10.0 
2024-09-14T14:31:02.057807+00:00 DEBUG 'ansible_navigator.main' mypy-extensions==1.0.0 
2024-09-14T14:31:02.057836+00:00 DEBUG 'ansible_navigator.main' netaddr==0.8.0 /usr/lib/python3/dist-packages/netaddr/__init__.py
2024-09-14T14:31:02.057865+00:00 DEBUG 'ansible_navigator.main' netifaces==0.11.0 /usr/lib/python3/dist-packages/netifaces.cpython-310-x86_64-linux-gnu.so
2024-09-14T14:31:02.057894+00:00 DEBUG 'ansible_navigator.main' ntlm-auth==1.4.0 
2024-09-14T14:31:02.057924+00:00 DEBUG 'ansible_navigator.main' oauthlib==3.2.0 /usr/lib/python3/dist-packages/oauthlib/__init__.py
2024-09-14T14:31:02.057952+00:00 DEBUG 'ansible_navigator.main' onigurumacffi==1.3.0 /home/kavindu/.local/lib/python3.10/site-packages/onigurumacffi.py
2024-09-14T14:31:02.057982+00:00 DEBUG 'ansible_navigator.main' packaging==24.1 /home/kavindu/.local/lib/python3.10/site-packages/packaging/__init__.py
2024-09-14T14:31:02.058010+00:00 DEBUG 'ansible_navigator.main' pbr==6.1.0 /home/kavindu/.local/lib/python3.10/site-packages/pbr/__init__.py
2024-09-14T14:31:02.058039+00:00 DEBUG 'ansible_navigator.main' pexpect==4.9.0 /home/kavindu/.local/lib/python3.10/site-packages/pexpect/__init__.py
2024-09-14T14:31:02.058068+00:00 DEBUG 'ansible_navigator.main' pillow==10.4.0 
2024-09-14T14:31:02.058098+00:00 DEBUG 'ansible_navigator.main' pip==22.0.2 /usr/lib/python3/dist-packages/pip/__init__.py
2024-09-14T14:31:02.058129+00:00 DEBUG 'ansible_navigator.main' pycparser==2.22 /home/kavindu/.local/lib/python3.10/site-packages/pycparser/__init__.py
2024-09-14T14:31:02.058160+00:00 DEBUG 'ansible_navigator.main' pycryptodomex==3.11.0 
2024-09-14T14:31:02.058190+00:00 DEBUG 'ansible_navigator.main' pykerberos==1.1.14 
2024-09-14T14:31:02.058222+00:00 DEBUG 'ansible_navigator.main' pyparsing==2.4.7 /usr/lib/python3/dist-packages/pyparsing.py
2024-09-14T14:31:02.058253+00:00 DEBUG 'ansible_navigator.main' python-apt==2.4.0+ubuntu4 
2024-09-14T14:31:02.058283+00:00 DEBUG 'ansible_navigator.main' python-daemon==3.0.1 
2024-09-14T14:31:02.058312+00:00 DEBUG 'ansible_navigator.main' pytz==2022.1 /usr/lib/python3/dist-packages/pytz/__init__.py
2024-09-14T14:31:02.058349+00:00 DEBUG 'ansible_navigator.main' pywinrm==0.3.0 
2024-09-14T14:31:02.058381+00:00 DEBUG 'ansible_navigator.main' regex==2024.7.24 /home/kavindu/.local/lib/python3.10/site-packages/regex/__init__.py
2024-09-14T14:31:02.058411+00:00 DEBUG 'ansible_navigator.main' requests-kerberos==0.12.0 
2024-09-14T14:31:02.058440+00:00 DEBUG 'ansible_navigator.main' requests-ntlm==1.1.0 
2024-09-14T14:31:02.058469+00:00 DEBUG 'ansible_navigator.main' requests-toolbelt==0.9.1 
2024-09-14T14:31:02.058498+00:00 DEBUG 'ansible_navigator.main' requests==2.25.1 /usr/lib/python3/dist-packages/requests/__init__.py
2024-09-14T14:31:02.058528+00:00 DEBUG 'ansible_navigator.main' resolvelib==1.0.1 /home/kavindu/.local/lib/python3.10/site-packages/resolvelib/__init__.py
2024-09-14T14:31:02.058557+00:00 DEBUG 'ansible_navigator.main' ruamel.yaml.clib==0.2.8 
2024-09-14T14:31:02.058586+00:00 DEBUG 'ansible_navigator.main' ruamel.yaml==0.18.6 /home/kavindu/.local/lib/python3.10/site-packages/ruamel/yaml/__init__.py
2024-09-14T14:31:02.058615+00:00 DEBUG 'ansible_navigator.main' setuptools==74.1.2 /home/kavindu/.local/lib/python3.10/site-packages/setuptools/__init__.py
2024-09-14T14:31:02.058654+00:00 DEBUG 'ansible_navigator.main' simplejson==3.17.6 /usr/lib/python3/dist-packages/simplejson/__init__.py
2024-09-14T14:31:02.058686+00:00 DEBUG 'ansible_navigator.main' six==1.16.0 /usr/lib/python3/dist-packages/six.py
2024-09-14T14:31:02.058715+00:00 DEBUG 'ansible_navigator.main' ssh-import-id==5.11 
2024-09-14T14:31:02.058745+00:00 DEBUG 'ansible_navigator.main' subprocess-tee==0.4.2 
2024-09-14T14:31:02.058775+00:00 DEBUG 'ansible_navigator.main' tqdm==4.66.5 /home/kavindu/.local/lib/python3.10/site-packages/tqdm/__init__.py
2024-09-14T14:31:02.058805+00:00 DEBUG 'ansible_navigator.main' tzdata==2024.1 /home/kavindu/.local/lib/python3.10/site-packages/tzdata/__init__.py
2024-09-14T14:31:02.058836+00:00 DEBUG 'ansible_navigator.main' ubuntu-pro-client==8001 
2024-09-14T14:31:02.058866+00:00 DEBUG 'ansible_navigator.main' urllib3==1.26.5 /usr/lib/python3/dist-packages/urllib3/__init__.py
2024-09-14T14:31:02.058895+00:00 DEBUG 'ansible_navigator.main' wadllib==1.3.6 /usr/lib/python3/dist-packages/wadllib/__init__.py
2024-09-14T14:31:02.058924+00:00 DEBUG 'ansible_navigator.main' wheel==0.37.1 /usr/lib/python3/dist-packages/wheel/__init__.py
2024-09-14T14:31:02.058953+00:00 DEBUG 'ansible_navigator.main' xmltodict==0.12.0 /usr/lib/python3/dist-packages/xmltodict.py
2024-09-14T14:31:02.058982+00:00 DEBUG 'ansible_navigator.main' yamllint==1.35.1 /home/kavindu/.local/lib/python3.10/site-packages/yamllint/__init__.py
2024-09-14T14:31:02.059011+00:00 DEBUG 'ansible_navigator.main' zipp==1.0.0 /usr/lib/python3/dist-packages/zipp.py
2024-09-14T14:31:02.059040+00:00 DEBUG 'ansible_navigator.main' Default collection_doc_cache_path set to: /home/kavindu/.cache/ansible-navigator/collection_doc_cache.db
2024-09-14T14:31:02.059070+00:00 DEBUG 'ansible_navigator.main' EDITOR environment variable not set
2024-09-14T14:31:02.059101+00:00 DEBUG 'ansible_navigator.main' Default editor_command set to: vi +{line_number} {filename}
2024-09-14T14:31:02.059133+00:00 DEBUG 'ansible_navigator.main' No config file set by ANSIBLE_NAVIGATOR_CONFIG
2024-09-14T14:31:02.059165+00:00 DEBUG 'ansible_navigator.main' Looking in /home/kavindu/.ansible-navigator
2024-09-14T14:31:02.059195+00:00 DEBUG 'ansible_navigator.main' Looking for '/home/kavindu/.ansible-navigator.yml', '/home/kavindu/.ansible-navigator.yaml' and '/home/kavindu/.ansible-navigator.json'
2024-09-14T14:31:02.059226+00:00 DEBUG 'ansible_navigator.main' Found 0: 
2024-09-14T14:31:02.059256+00:00 DEBUG 'ansible_navigator.main' Looking in /home/kavindu/code/repo/ansible-basics/practice/ansible-navigator
2024-09-14T14:31:02.059285+00:00 DEBUG 'ansible_navigator.main' Looking for '/home/kavindu/code/repo/ansible-basics/practice/ansible-navigator.yml', '/home/kavindu/code/repo/ansible-basics/practice/ansible-navigator.yaml' and '/home/kavindu/code/repo/ansible-basics/practice/ansible-navigator.json'
2024-09-14T14:31:02.059315+00:00 DEBUG 'ansible_navigator.main' Found 1: '/home/kavindu/code/repo/ansible-basics/practice/ansible-navigator.yml'
2024-09-14T14:31:02.059345+00:00 DEBUG 'ansible_navigator.main' All found 1: '/home/kavindu/code/repo/ansible-basics/practice/ansible-navigator.yml'
2024-09-14T14:31:02.059374+00:00 DEBUG 'ansible_navigator.main' Using: /home/kavindu/code/repo/ansible-basics/practice/ansible-navigator.yml
2024-09-14T14:31:02.059403+00:00 DEBUG 'ansible_navigator.main' Using settings file at /home/kavindu/code/repo/ansible-basics/practice/ansible-navigator.yml in search path
2024-09-14T14:31:02.059432+00:00 DEBUG 'ansible_navigator.main' Command provided: 'hello-world.yml'
2024-09-14T14:31:02.059461+00:00 DEBUG 'ansible_navigator.main' ansible-navigator.ansible-runner.artifact-dir not found in settings file
2024-09-14T14:31:02.059489+00:00 DEBUG 'ansible_navigator.main' ansible-navigator.ansible-runner.rotate-artifacts-count not found in settings file
2024-09-14T14:31:02.059540+00:00 DEBUG 'ansible_navigator.main' ansible-navigator.ansible-runner.timeout not found in settings file
2024-09-14T14:31:02.059576+00:00 DEBUG 'ansible_navigator.main' ansible-navigator.ansible-runner.job-events not found in settings file
2024-09-14T14:31:02.059606+00:00 DEBUG 'ansible_navigator.main' ansible-navigator.app not found in settings file
2024-09-14T14:31:02.059664+00:00 DEBUG 'ansible_navigator.main' ansible-navigator.ansible.cmdline not found in settings file
2024-09-14T14:31:02.059699+00:00 DEBUG 'ansible_navigator.main' ansible-navigator.collection-doc-cache-path not found in settings file
2024-09-14T14:31:02.059729+00:00 DEBUG 'ansible_navigator.main' ansible-navigator.ansible.config.path not found in settings file
2024-09-14T14:31:02.059759+00:00 DEBUG 'ansible_navigator.main' ansible-navigator.execution-environment.container-engine not found in settings file
2024-09-14T14:31:02.059812+00:00 DEBUG 'ansible_navigator.main' ansible-navigator.execution-environment.container-options not found in settings file
2024-09-14T14:31:02.059841+00:00 DEBUG 'ansible_navigator.main' ansible-navigator.color.enable not found in settings file
2024-09-14T14:31:02.059870+00:00 DEBUG 'ansible_navigator.main' ansible-navigator.editor.command not found in settings file
2024-09-14T14:31:02.059899+00:00 DEBUG 'ansible_navigator.main' ansible-navigator.editor.console not found in settings file
2024-09-14T14:31:02.059927+00:00 DEBUG 'ansible_navigator.main' ansible-navigator.enable-prompts not found in settings file
2024-09-14T14:31:02.059955+00:00 DEBUG 'ansible_navigator.main' ansible-navigator.exec.command not found in settings file
2024-09-14T14:31:02.059983+00:00 DEBUG 'ansible_navigator.main' ansible-navigator.exec.shell not found in settings file
2024-09-14T14:31:02.060012+00:00 DEBUG 'ansible_navigator.main' ansible-navigator.execution-environment.enabled not found in settings file
2024-09-14T14:31:02.060040+00:00 DEBUG 'ansible_navigator.main' ansible-navigator.execution-environment.volume-mounts not found in settings file
2024-09-14T14:31:02.060069+00:00 DEBUG 'ansible_navigator.main' ansible-navigator.format not found in settings file
2024-09-14T14:31:02.060097+00:00 DEBUG 'ansible_navigator.main' ansible-navigator.ansible-builder.help not found in settings file
2024-09-14T14:31:02.060125+00:00 DEBUG 'ansible_navigator.main' ansible-navigator.ansible.config.help not found in settings file
2024-09-14T14:31:02.060153+00:00 DEBUG 'ansible_navigator.main' ansible-navigator.ansible.doc.help not found in settings file
2024-09-14T14:31:02.060181+00:00 DEBUG 'ansible_navigator.main' ansible-navigator.ansible.inventory.help not found in settings file
2024-09-14T14:31:02.060209+00:00 DEBUG 'ansible_navigator.main' ansible-navigator.ansible.playbook.help not found in settings file
2024-09-14T14:31:02.060240+00:00 DEBUG 'ansible_navigator.main' ansible-navigator.images.details not found in settings file
2024-09-14T14:31:02.060287+00:00 DEBUG 'ansible_navigator.main' ansible-navigator.ansible.inventory.entries not found in settings file
2024-09-14T14:31:02.060315+00:00 DEBUG 'ansible_navigator.main' ansible-navigator.inventory-columns not found in settings file
2024-09-14T14:31:02.060343+00:00 DEBUG 'ansible_navigator.main' ansible-navigator.ansible-lint.config not found in settings file
2024-09-14T14:31:02.060371+00:00 DEBUG 'ansible_navigator.main' ansible-navigator.ansible-lint.lintables not found in settings file
2024-09-14T14:31:02.060420+00:00 DEBUG 'ansible_navigator.main' ansible-navigator.logging.append not found in settings file
2024-09-14T14:31:02.060448+00:00 DEBUG 'ansible_navigator.main' ansible-navigator.logging.file not found in settings file
2024-09-14T14:31:02.060477+00:00 DEBUG 'ansible_navigator.main' ansible-navigator.logging.level not found in settings file
2024-09-14T14:31:02.060505+00:00 DEBUG 'ansible_navigator.main' ansible-navigator.mode not found in settings file
2024-09-14T14:31:02.060554+00:00 DEBUG 'ansible_navigator.main' ansible-navigator.color.osc4 not found in settings file
2024-09-14T14:31:02.060582+00:00 DEBUG 'ansible_navigator.main' ansible-navigator.execution-environment.environment-variables.pass not found in settings file
2024-09-14T14:31:02.060619+00:00 DEBUG 'ansible_navigator.main' ansible-navigator.ansible.playbook.path not found in settings file
2024-09-14T14:31:02.060663+00:00 DEBUG 'ansible_navigator.main' ansible-navigator.playbook-artifact.enable not found in settings file
2024-09-14T14:31:02.060703+00:00 DEBUG 'ansible_navigator.main' ansible-navigator.playbook-artifact.replay not found in settings file
2024-09-14T14:31:02.060731+00:00 DEBUG 'ansible_navigator.main' ansible-navigator.playbook-artifact.save-as not found in settings file
2024-09-14T14:31:02.060780+00:00 DEBUG 'ansible_navigator.main' ansible-navigator.ansible.doc.plugin.name not found in settings file
2024-09-14T14:31:02.060807+00:00 DEBUG 'ansible_navigator.main' ansible-navigator.ansible.doc.plugin.type not found in settings file
2024-09-14T14:31:02.060836+00:00 DEBUG 'ansible_navigator.main' ansible-navigator.execution-environment.pull.arguments not found in settings file
2024-09-14T14:31:02.060864+00:00 DEBUG 'ansible_navigator.main' ansible-navigator.execution-environment.environment-variables.set not found in settings file
2024-09-14T14:31:02.060895+00:00 DEBUG 'ansible_navigator.main' ansible-navigator.settings.effective not found in settings file
2024-09-14T14:31:02.060926+00:00 DEBUG 'ansible_navigator.main' ansible-navigator.settings.sample not found in settings file
2024-09-14T14:31:02.060957+00:00 DEBUG 'ansible_navigator.main' ansible-navigator.settings.schema not found in settings file
2024-09-14T14:31:02.060988+00:00 DEBUG 'ansible_navigator.main' ansible-navigator.settings.sources not found in settings file
2024-09-14T14:31:02.061018+00:00 DEBUG 'ansible_navigator.main' ansible-navigator.time-zone not found in settings file
2024-09-14T14:31:02.061048+00:00 DEBUG 'ansible_navigator.main' ansible-navigator.ansible-builder.workdir not found in settings file
2024-09-14T14:31:02.061083+00:00 WARNING 'ansible_navigator.main' Configuration errors encountered, rolling back to previous configuration.
2024-09-14T14:31:02.061116+00:00 DEBUG 'ansible_navigator.main' Prior to rollback: ansible_runner_artifact_dir = 'Not set' (Constants/Not set)
2024-09-14T14:31:02.061148+00:00 DEBUG 'ansible_navigator.main' Prior to rollback: ansible_runner_rotate_artifacts_count = 'Not set' (Constants/Not set)
2024-09-14T14:31:02.061179+00:00 DEBUG 'ansible_navigator.main' Prior to rollback: ansible_runner_timeout = 'Not set' (Constants/Not set)
2024-09-14T14:31:02.061209+00:00 DEBUG 'ansible_navigator.main' Prior to rollback: ansible_runner_write_job_events = 'False' (bool/Defaults)
2024-09-14T14:31:02.061238+00:00 DEBUG 'ansible_navigator.main' Prior to rollback: app = 'welcome' (str/Defaults)
2024-09-14T14:31:02.061269+00:00 DEBUG 'ansible_navigator.main' Prior to rollback: cmdline = '['hello-world.yml']' (list/Command line)
2024-09-14T14:31:02.061298+00:00 DEBUG 'ansible_navigator.main' Prior to rollback: collection_doc_cache_path = '/home/kavindu/.cache/ansible-navigator/collection_doc_cache.db' (str/Defaults)
2024-09-14T14:31:02.061327+00:00 DEBUG 'ansible_navigator.main' Prior to rollback: config = 'Not set' (Constants/Not set)
2024-09-14T14:31:02.061356+00:00 DEBUG 'ansible_navigator.main' Prior to rollback: container_engine = 'auto' (str/Defaults)
2024-09-14T14:31:02.061384+00:00 DEBUG 'ansible_navigator.main' Prior to rollback: container_options = 'Not set' (Constants/Not set)
2024-09-14T14:31:02.061413+00:00 DEBUG 'ansible_navigator.main' Prior to rollback: display_color = 'True' (bool/Defaults)
2024-09-14T14:31:02.061441+00:00 DEBUG 'ansible_navigator.main' Prior to rollback: editor_command = 'vi +{line_number} {filename}' (str/Defaults)
2024-09-14T14:31:02.061500+00:00 DEBUG 'ansible_navigator.main' Prior to rollback: editor_console = 'True' (bool/Defaults)
2024-09-14T14:31:02.061543+00:00 DEBUG 'ansible_navigator.main' Prior to rollback: enable_prompts = 'False' (bool/Defaults)
2024-09-14T14:31:02.061579+00:00 DEBUG 'ansible_navigator.main' Prior to rollback: exec_command = '/bin/bash' (str/Defaults)
2024-09-14T14:31:02.061621+00:00 DEBUG 'ansible_navigator.main' Prior to rollback: exec_shell = 'True' (bool/Defaults)
2024-09-14T14:31:02.061656+00:00 DEBUG 'ansible_navigator.main' Prior to rollback: execution_environment = 'True' (bool/Defaults)
2024-09-14T14:31:02.061689+00:00 DEBUG 'ansible_navigator.main' Prior to rollback: execution_environment_image = 'ghcr.io/ansible/community-ansible-dev-tools:latest' (str/Settings file)
2024-09-14T14:31:02.061721+00:00 DEBUG 'ansible_navigator.main' Prior to rollback: execution_environment_volume_mounts = 'Not set' (Constants/Not set)
2024-09-14T14:31:02.061751+00:00 DEBUG 'ansible_navigator.main' Prior to rollback: format = 'yaml' (str/Defaults)
2024-09-14T14:31:02.061781+00:00 DEBUG 'ansible_navigator.main' Prior to rollback: help_builder = 'False' (bool/Defaults)
2024-09-14T14:31:02.061812+00:00 DEBUG 'ansible_navigator.main' Prior to rollback: help_config = 'False' (bool/Defaults)
2024-09-14T14:31:02.061842+00:00 DEBUG 'ansible_navigator.main' Prior to rollback: help_doc = 'False' (bool/Defaults)
2024-09-14T14:31:02.061878+00:00 DEBUG 'ansible_navigator.main' Prior to rollback: help_inventory = 'False' (bool/Defaults)
2024-09-14T14:31:02.061919+00:00 DEBUG 'ansible_navigator.main' Prior to rollback: help_playbook = 'False' (bool/Defaults)
2024-09-14T14:31:02.061949+00:00 DEBUG 'ansible_navigator.main' Prior to rollback: images_details = '['everything']' (list/Defaults)
2024-09-14T14:31:02.061979+00:00 DEBUG 'ansible_navigator.main' Prior to rollback: inventory = 'Not set' (Constants/Not set)
2024-09-14T14:31:02.062010+00:00 DEBUG 'ansible_navigator.main' Prior to rollback: inventory_column = 'Not set' (Constants/Not set)
2024-09-14T14:31:02.062039+00:00 DEBUG 'ansible_navigator.main' Prior to rollback: lint_config = 'Not set' (Constants/Not set)
2024-09-14T14:31:02.062069+00:00 DEBUG 'ansible_navigator.main' Prior to rollback: lintables = 'Not set' (Constants/Not set)
2024-09-14T14:31:02.062105+00:00 DEBUG 'ansible_navigator.main' Prior to rollback: log_append = 'True' (bool/Defaults)
2024-09-14T14:31:02.062138+00:00 DEBUG 'ansible_navigator.main' Prior to rollback: log_file = '/home/kavindu/code/repo/ansible-basics/practice/ansible-navigator.log' (str/Defaults)
2024-09-14T14:31:02.062169+00:00 DEBUG 'ansible_navigator.main' Prior to rollback: log_level = 'warning' (str/Defaults)
2024-09-14T14:31:02.062199+00:00 DEBUG 'ansible_navigator.main' Prior to rollback: mode = 'interactive' (str/Defaults)
2024-09-14T14:31:02.062228+00:00 DEBUG 'ansible_navigator.main' Prior to rollback: osc4 = 'True' (bool/Defaults)
2024-09-14T14:31:02.062258+00:00 DEBUG 'ansible_navigator.main' Prior to rollback: pass_environment_variable = 'Not set' (Constants/Not set)
2024-09-14T14:31:02.062288+00:00 DEBUG 'ansible_navigator.main' Prior to rollback: playbook = 'Not set' (Constants/Not set)
2024-09-14T14:31:02.062318+00:00 DEBUG 'ansible_navigator.main' Prior to rollback: playbook_artifact_enable = 'True' (bool/Defaults)
2024-09-14T14:31:02.062352+00:00 DEBUG 'ansible_navigator.main' Prior to rollback: playbook_artifact_replay = 'Not set' (Constants/Not set)
2024-09-14T14:31:02.062383+00:00 DEBUG 'ansible_navigator.main' Prior to rollback: playbook_artifact_save_as = '{playbook_dir}/{playbook_name}-artifact-{time_stamp}.json' (str/Defaults)
2024-09-14T14:31:02.062414+00:00 DEBUG 'ansible_navigator.main' Prior to rollback: plugin_name = 'Not set' (Constants/Not set)
2024-09-14T14:31:02.062444+00:00 DEBUG 'ansible_navigator.main' Prior to rollback: plugin_type = 'module' (str/Defaults)
2024-09-14T14:31:02.062474+00:00 DEBUG 'ansible_navigator.main' Prior to rollback: pull_arguments = 'Not set' (Constants/Not set)
2024-09-14T14:31:02.062504+00:00 DEBUG 'ansible_navigator.main' Prior to rollback: pull_policy = 'missing' (str/Settings file)
2024-09-14T14:31:02.062534+00:00 DEBUG 'ansible_navigator.main' Prior to rollback: set_environment_variable = 'Not set' (Constants/Not set)
2024-09-14T14:31:02.062563+00:00 DEBUG 'ansible_navigator.main' Prior to rollback: settings_effective = 'False' (bool/Defaults)
2024-09-14T14:31:02.062599+00:00 DEBUG 'ansible_navigator.main' Prior to rollback: settings_sample = 'False' (bool/Defaults)
2024-09-14T14:31:02.062630+00:00 DEBUG 'ansible_navigator.main' Prior to rollback: settings_schema = 'json' (str/Defaults)
2024-09-14T14:31:02.062659+00:00 DEBUG 'ansible_navigator.main' Prior to rollback: settings_sources = 'False' (bool/Defaults)
2024-09-14T14:31:02.062688+00:00 DEBUG 'ansible_navigator.main' Prior to rollback: time_zone = 'UTC' (str/Defaults)
2024-09-14T14:31:02.062716+00:00 DEBUG 'ansible_navigator.main' Prior to rollback: workdir = '/home/kavindu/code/repo/ansible-basics/practice' (str/Defaults)
2024-09-14T14:31:02.062745+00:00 DEBUG 'ansible_navigator.main' After rollback: ansible_runner_artifact_dir = 'Not set' (Constants/Not set)
2024-09-14T14:31:02.062773+00:00 DEBUG 'ansible_navigator.main' After rollback: ansible_runner_rotate_artifacts_count = 'Not set' (Constants/Not set)
2024-09-14T14:31:02.062802+00:00 DEBUG 'ansible_navigator.main' After rollback: ansible_runner_timeout = 'Not set' (Constants/Not set)
2024-09-14T14:31:02.062831+00:00 DEBUG 'ansible_navigator.main' After rollback: ansible_runner_write_job_events = 'Not set' (Constants/Not set)
2024-09-14T14:31:02.062859+00:00 DEBUG 'ansible_navigator.main' After rollback: app = 'Not set' (Constants/Not set)
2024-09-14T14:31:02.062888+00:00 DEBUG 'ansible_navigator.main' After rollback: cmdline = 'Not set' (Constants/Not set)
2024-09-14T14:31:02.062916+00:00 DEBUG 'ansible_navigator.main' After rollback: collection_doc_cache_path = 'Not set' (Constants/Not set)
2024-09-14T14:31:02.062945+00:00 DEBUG 'ansible_navigator.main' After rollback: config = 'Not set' (Constants/Not set)
2024-09-14T14:31:02.062974+00:00 DEBUG 'ansible_navigator.main' After rollback: container_engine = 'Not set' (Constants/Not set)
2024-09-14T14:31:02.063003+00:00 DEBUG 'ansible_navigator.main' After rollback: container_options = 'Not set' (Constants/Not set)
2024-09-14T14:31:02.063031+00:00 DEBUG 'ansible_navigator.main' After rollback: display_color = 'Not set' (Constants/Not set)
2024-09-14T14:31:02.063060+00:00 DEBUG 'ansible_navigator.main' After rollback: editor_command = 'Not set' (Constants/Not set)
2024-09-14T14:31:02.063088+00:00 DEBUG 'ansible_navigator.main' After rollback: editor_console = 'Not set' (Constants/Not set)
2024-09-14T14:31:02.063116+00:00 DEBUG 'ansible_navigator.main' After rollback: enable_prompts = 'Not set' (Constants/Not set)
2024-09-14T14:31:02.063143+00:00 DEBUG 'ansible_navigator.main' After rollback: exec_command = 'Not set' (Constants/Not set)
2024-09-14T14:31:02.063172+00:00 DEBUG 'ansible_navigator.main' After rollback: exec_shell = 'Not set' (Constants/Not set)
2024-09-14T14:31:02.063200+00:00 DEBUG 'ansible_navigator.main' After rollback: execution_environment = 'Not set' (Constants/Not set)
2024-09-14T14:31:02.063228+00:00 DEBUG 'ansible_navigator.main' After rollback: execution_environment_image = 'Not set' (Constants/Not set)
2024-09-14T14:31:02.063256+00:00 DEBUG 'ansible_navigator.main' After rollback: execution_environment_volume_mounts = 'Not set' (Constants/Not set)
2024-09-14T14:31:02.063284+00:00 DEBUG 'ansible_navigator.main' After rollback: format = 'Not set' (Constants/Not set)
2024-09-14T14:31:02.063313+00:00 DEBUG 'ansible_navigator.main' After rollback: help_builder = 'Not set' (Constants/Not set)
2024-09-14T14:31:02.063341+00:00 DEBUG 'ansible_navigator.main' After rollback: help_config = 'Not set' (Constants/Not set)
2024-09-14T14:31:02.063369+00:00 DEBUG 'ansible_navigator.main' After rollback: help_doc = 'Not set' (Constants/Not set)
2024-09-14T14:31:02.063397+00:00 DEBUG 'ansible_navigator.main' After rollback: help_inventory = 'Not set' (Constants/Not set)
2024-09-14T14:31:02.063428+00:00 DEBUG 'ansible_navigator.main' After rollback: help_playbook = 'Not set' (Constants/Not set)
2024-09-14T14:31:02.063470+00:00 DEBUG 'ansible_navigator.main' After rollback: images_details = 'Not set' (Constants/Not set)
2024-09-14T14:31:02.063498+00:00 DEBUG 'ansible_navigator.main' After rollback: inventory = 'Not set' (Constants/Not set)
2024-09-14T14:31:02.063534+00:00 DEBUG 'ansible_navigator.main' After rollback: inventory_column = 'Not set' (Constants/Not set)
2024-09-14T14:31:02.063563+00:00 DEBUG 'ansible_navigator.main' After rollback: lint_config = 'Not set' (Constants/Not set)
2024-09-14T14:31:02.063592+00:00 DEBUG 'ansible_navigator.main' After rollback: lintables = 'Not set' (Constants/Not set)
2024-09-14T14:31:02.063620+00:00 DEBUG 'ansible_navigator.main' After rollback: log_append = 'Not set' (Constants/Not set)
2024-09-14T14:31:02.063648+00:00 DEBUG 'ansible_navigator.main' After rollback: log_file = 'Not set' (Constants/Not set)
2024-09-14T14:31:02.063676+00:00 DEBUG 'ansible_navigator.main' After rollback: log_level = 'Not set' (Constants/Not set)
2024-09-14T14:31:02.063705+00:00 DEBUG 'ansible_navigator.main' After rollback: mode = 'Not set' (Constants/Not set)
2024-09-14T14:31:02.063733+00:00 DEBUG 'ansible_navigator.main' After rollback: osc4 = 'Not set' (Constants/Not set)
2024-09-14T14:31:02.063762+00:00 DEBUG 'ansible_navigator.main' After rollback: pass_environment_variable = 'Not set' (Constants/Not set)
2024-09-14T14:31:02.063791+00:00 DEBUG 'ansible_navigator.main' After rollback: playbook = 'Not set' (Constants/Not set)
2024-09-14T14:31:02.063819+00:00 DEBUG 'ansible_navigator.main' After rollback: playbook_artifact_enable = 'Not set' (Constants/Not set)
2024-09-14T14:31:02.063848+00:00 DEBUG 'ansible_navigator.main' After rollback: playbook_artifact_replay = 'Not set' (Constants/Not set)
2024-09-14T14:31:02.063898+00:00 DEBUG 'ansible_navigator.main' After rollback: playbook_artifact_save_as = 'Not set' (Constants/Not set)
2024-09-14T14:31:02.063936+00:00 DEBUG 'ansible_navigator.main' After rollback: plugin_name = 'Not set' (Constants/Not set)
2024-09-14T14:31:02.063965+00:00 DEBUG 'ansible_navigator.main' After rollback: plugin_type = 'Not set' (Constants/Not set)
2024-09-14T14:31:02.064010+00:00 DEBUG 'ansible_navigator.main' After rollback: pull_arguments = 'Not set' (Constants/Not set)
2024-09-14T14:31:02.064044+00:00 DEBUG 'ansible_navigator.main' After rollback: pull_policy = 'Not set' (Constants/Not set)
2024-09-14T14:31:02.064075+00:00 DEBUG 'ansible_navigator.main' After rollback: set_environment_variable = 'Not set' (Constants/Not set)
2024-09-14T14:31:02.064103+00:00 DEBUG 'ansible_navigator.main' After rollback: settings_effective = 'Not set' (Constants/Not set)
2024-09-14T14:31:02.064131+00:00 DEBUG 'ansible_navigator.main' After rollback: settings_sample = 'Not set' (Constants/Not set)
2024-09-14T14:31:02.064180+00:00 DEBUG 'ansible_navigator.main' After rollback: settings_schema = 'Not set' (Constants/Not set)
2024-09-14T14:31:02.064208+00:00 DEBUG 'ansible_navigator.main' After rollback: settings_sources = 'Not set' (Constants/Not set)
2024-09-14T14:31:02.064236+00:00 DEBUG 'ansible_navigator.main' After rollback: time_zone = 'Not set' (Constants/Not set)
2024-09-14T14:31:02.064265+00:00 DEBUG 'ansible_navigator.main' After rollback: workdir = 'Not set' (Constants/Not set)
2024-09-14T14:31:02.064315+00:00 DEBUG 'ansible_navigator.main' Configuration rollback complete.
2024-09-14T14:31:02.064343+00:00 DEBUG 'ansible_navigator.main' Collection doc cache not mounted
2024-09-14T14:31:02.064385+00:00 WARNING 'ansible_navigator.main' Issues were found while applying the settings.
2024-09-14T14:31:02.064422+00:00 INFO 'ansible_navigator.main' Command provided: 'hello-world.yml'
2024-09-14T14:31:02.064463+00:00 ERROR 'ansible_navigator.main' argument {subcommand} --help: invalid choice: 'hello-world.yml' (choose from 'builder', 'collections', 'config', 'doc', 'exec', 'images', 'inventory', 'lint', 'replay', 'run', 'settings', 'welcome')
2024-09-14T14:31:02.064501+00:00 INFO 'ansible_navigator.main' Configuration failed, using default log file location. (/home/kavindu/code/repo/ansible-basics/practice/ansible-navigator.log) Log level set to debug
2024-09-14T14:31:02.064536+00:00 INFO 'ansible_navigator.main' Review the hints and log file to see what went wrong.
2024-09-14T14:32:15.966542+00:00 INFO 'ansible_navigator.setup_logger' New ansible-navigator instance, logging initialized
2024-09-14T14:32:15.966998+00:00 INFO 'ansible_navigator.setup_logger' New ansible-runner instance, logging initialized
2024-09-14T14:32:15.967068+00:00 DEBUG 'ansible_navigator.main' Babel==2.8.0 
2024-09-14T14:32:15.967118+00:00 DEBUG 'ansible_navigator.main' Jinja2==3.0.3 
2024-09-14T14:32:15.967161+00:00 DEBUG 'ansible_navigator.main' MarkupSafe==2.0.1 
2024-09-14T14:32:15.967200+00:00 DEBUG 'ansible_navigator.main' Parsley==1.3 
2024-09-14T14:32:15.967236+00:00 DEBUG 'ansible_navigator.main' PyGObject==3.42.1 
2024-09-14T14:32:15.967272+00:00 DEBUG 'ansible_navigator.main' PyJWT==2.3.0 
2024-09-14T14:32:15.967306+00:00 DEBUG 'ansible_navigator.main' PyYAML==5.4.1 
2024-09-14T14:32:15.967340+00:00 DEBUG 'ansible_navigator.main' SecretStorage==3.3.1 
2024-09-14T14:32:15.967374+00:00 DEBUG 'ansible_navigator.main' ansible-builder==3.1.0 
2024-09-14T14:32:15.967407+00:00 DEBUG 'ansible_navigator.main' ansible-compat==24.9.0 
2024-09-14T14:32:15.967440+00:00 DEBUG 'ansible_navigator.main' ansible-core==2.17.3 
2024-09-14T14:32:15.967473+00:00 DEBUG 'ansible_navigator.main' ansible-lint==24.9.0 
2024-09-14T14:32:15.967506+00:00 DEBUG 'ansible_navigator.main' ansible-navigator==24.9.0 
2024-09-14T14:32:15.967539+00:00 DEBUG 'ansible_navigator.main' ansible-runner==2.4.0 
2024-09-14T14:32:15.967572+00:00 DEBUG 'ansible_navigator.main' ansible==10.3.0 /home/kavindu/.local/lib/python3.10/site-packages/ansible/__init__.py
2024-09-14T14:32:15.967605+00:00 DEBUG 'ansible_navigator.main' apache-libcloud==3.2.0 
2024-09-14T14:32:15.967700+00:00 DEBUG 'ansible_navigator.main' argcomplete==1.8.1 /usr/lib/python3/dist-packages/argcomplete/__init__.py
2024-09-14T14:32:15.967745+00:00 DEBUG 'ansible_navigator.main' bindep==2.11.0 /home/kavindu/.local/lib/python3.10/site-packages/bindep/__init__.py
2024-09-14T14:32:15.967782+00:00 DEBUG 'ansible_navigator.main' certifi==2020.6.20 /usr/lib/python3/dist-packages/certifi/__init__.py
2024-09-14T14:32:15.967817+00:00 DEBUG 'ansible_navigator.main' cffi==1.17.1 /home/kavindu/.local/lib/python3.10/site-packages/cffi/__init__.py
2024-09-14T14:32:15.967850+00:00 DEBUG 'ansible_navigator.main' chardet==4.0.0 /usr/lib/python3/dist-packages/chardet/__init__.py
2024-09-14T14:32:15.967884+00:00 DEBUG 'ansible_navigator.main' click==8.1.7 /home/kavindu/.local/lib/python3.10/site-packages/click/__init__.py
2024-09-14T14:32:15.967916+00:00 DEBUG 'ansible_navigator.main' cryptography==3.4.8 /usr/lib/python3/dist-packages/cryptography/__init__.py
2024-09-14T14:32:15.967949+00:00 DEBUG 'ansible_navigator.main' dbus-python==1.2.18 
2024-09-14T14:32:15.967982+00:00 DEBUG 'ansible_navigator.main' diffusers==0.31.0.dev0 /home/kavindu/.local/lib/python3.10/site-packages/diffusers/__init__.py
2024-09-14T14:32:15.968015+00:00 DEBUG 'ansible_navigator.main' distro-info==1.1+ubuntu0.2 
2024-09-14T14:32:15.968047+00:00 DEBUG 'ansible_navigator.main' distro==1.7.0 /usr/lib/python3/dist-packages/distro/__init__.py
2024-09-14T14:32:15.968100+00:00 DEBUG 'ansible_navigator.main' dnspython==2.1.0 
2024-09-14T14:32:15.968153+00:00 DEBUG 'ansible_navigator.main' httplib2==0.20.2 /usr/lib/python3/dist-packages/httplib2/__init__.py
2024-09-14T14:32:15.968194+00:00 DEBUG 'ansible_navigator.main' huggingface-hub==0.24.6 
2024-09-14T14:32:15.968232+00:00 DEBUG 'ansible_navigator.main' idna==3.3 /usr/lib/python3/dist-packages/idna/__init__.py
2024-09-14T14:32:15.968268+00:00 DEBUG 'ansible_navigator.main' importlib-metadata==4.6.4 
2024-09-14T14:32:15.968302+00:00 DEBUG 'ansible_navigator.main' jmespath==0.10.0 /usr/lib/python3/dist-packages/jmespath/__init__.py
2024-09-14T14:32:15.968336+00:00 DEBUG 'ansible_navigator.main' keyring==23.5.0 /usr/lib/python3/dist-packages/keyring/__init__.py
2024-09-14T14:32:15.968369+00:00 DEBUG 'ansible_navigator.main' launchpadlib==1.10.16 /usr/lib/python3/dist-packages/launchpadlib/__init__.py
2024-09-14T14:32:15.968406+00:00 DEBUG 'ansible_navigator.main' lazr.restfulclient==0.14.4 /usr/lib/python3/dist-packages/lazr/restfulclient/__init__.py
2024-09-14T14:32:15.968452+00:00 DEBUG 'ansible_navigator.main' lazr.uri==1.0.6 /usr/lib/python3/dist-packages/lazr/uri/__init__.py
2024-09-14T14:32:15.968488+00:00 DEBUG 'ansible_navigator.main' lockfile==0.12.2 /usr/lib/python3/dist-packages/lockfile/__init__.py
2024-09-14T14:32:15.968522+00:00 DEBUG 'ansible_navigator.main' more-itertools==8.10.0 
2024-09-14T14:32:15.968555+00:00 DEBUG 'ansible_navigator.main' mypy-extensions==1.0.0 
2024-09-14T14:32:15.968587+00:00 DEBUG 'ansible_navigator.main' netaddr==0.8.0 /usr/lib/python3/dist-packages/netaddr/__init__.py
2024-09-14T14:32:15.968618+00:00 DEBUG 'ansible_navigator.main' netifaces==0.11.0 /usr/lib/python3/dist-packages/netifaces.cpython-310-x86_64-linux-gnu.so
2024-09-14T14:32:15.968650+00:00 DEBUG 'ansible_navigator.main' ntlm-auth==1.4.0 
2024-09-14T14:32:15.968682+00:00 DEBUG 'ansible_navigator.main' oauthlib==3.2.0 /usr/lib/python3/dist-packages/oauthlib/__init__.py
2024-09-14T14:32:15.968714+00:00 DEBUG 'ansible_navigator.main' onigurumacffi==1.3.0 /home/kavindu/.local/lib/python3.10/site-packages/onigurumacffi.py
2024-09-14T14:32:15.968746+00:00 DEBUG 'ansible_navigator.main' packaging==24.1 /home/kavindu/.local/lib/python3.10/site-packages/packaging/__init__.py
2024-09-14T14:32:15.968777+00:00 DEBUG 'ansible_navigator.main' pbr==6.1.0 /home/kavindu/.local/lib/python3.10/site-packages/pbr/__init__.py
2024-09-14T14:32:15.968808+00:00 DEBUG 'ansible_navigator.main' pexpect==4.9.0 /home/kavindu/.local/lib/python3.10/site-packages/pexpect/__init__.py
2024-09-14T14:32:15.968840+00:00 DEBUG 'ansible_navigator.main' pillow==10.4.0 
2024-09-14T14:32:15.968871+00:00 DEBUG 'ansible_navigator.main' pip==22.0.2 /usr/lib/python3/dist-packages/pip/__init__.py
2024-09-14T14:32:15.968903+00:00 DEBUG 'ansible_navigator.main' pycparser==2.22 /home/kavindu/.local/lib/python3.10/site-packages/pycparser/__init__.py
2024-09-14T14:32:15.968935+00:00 DEBUG 'ansible_navigator.main' pycryptodomex==3.11.0 
2024-09-14T14:32:15.968967+00:00 DEBUG 'ansible_navigator.main' pykerberos==1.1.14 
2024-09-14T14:32:15.968999+00:00 DEBUG 'ansible_navigator.main' pyparsing==2.4.7 /usr/lib/python3/dist-packages/pyparsing.py
2024-09-14T14:32:15.969031+00:00 DEBUG 'ansible_navigator.main' python-apt==2.4.0+ubuntu4 
2024-09-14T14:32:15.969063+00:00 DEBUG 'ansible_navigator.main' python-daemon==3.0.1 
2024-09-14T14:32:15.969095+00:00 DEBUG 'ansible_navigator.main' pytz==2022.1 /usr/lib/python3/dist-packages/pytz/__init__.py
2024-09-14T14:32:15.969128+00:00 DEBUG 'ansible_navigator.main' pywinrm==0.3.0 
2024-09-14T14:32:15.969206+00:00 DEBUG 'ansible_navigator.main' regex==2024.7.24 /home/kavindu/.local/lib/python3.10/site-packages/regex/__init__.py
2024-09-14T14:32:15.969254+00:00 DEBUG 'ansible_navigator.main' requests-kerberos==0.12.0 
2024-09-14T14:32:15.969320+00:00 DEBUG 'ansible_navigator.main' requests-ntlm==1.1.0 
2024-09-14T14:32:15.969357+00:00 DEBUG 'ansible_navigator.main' requests-toolbelt==0.9.1 
2024-09-14T14:32:15.969392+00:00 DEBUG 'ansible_navigator.main' requests==2.25.1 /usr/lib/python3/dist-packages/requests/__init__.py
2024-09-14T14:32:15.969425+00:00 DEBUG 'ansible_navigator.main' resolvelib==1.0.1 /home/kavindu/.local/lib/python3.10/site-packages/resolvelib/__init__.py
2024-09-14T14:32:15.969456+00:00 DEBUG 'ansible_navigator.main' ruamel.yaml.clib==0.2.8 
2024-09-14T14:32:15.969487+00:00 DEBUG 'ansible_navigator.main' ruamel.yaml==0.18.6 /home/kavindu/.local/lib/python3.10/site-packages/ruamel/yaml/__init__.py
2024-09-14T14:32:15.969518+00:00 DEBUG 'ansible_navigator.main' setuptools==74.1.2 /home/kavindu/.local/lib/python3.10/site-packages/setuptools/__init__.py
2024-09-14T14:32:15.969550+00:00 DEBUG 'ansible_navigator.main' simplejson==3.17.6 /usr/lib/python3/dist-packages/simplejson/__init__.py
2024-09-14T14:32:15.969580+00:00 DEBUG 'ansible_navigator.main' six==1.16.0 /usr/lib/python3/dist-packages/six.py
2024-09-14T14:32:15.969610+00:00 DEBUG 'ansible_navigator.main' ssh-import-id==5.11 
2024-09-14T14:32:15.969746+00:00 DEBUG 'ansible_navigator.main' subprocess-tee==0.4.2 
2024-09-14T14:32:15.969820+00:00 DEBUG 'ansible_navigator.main' tqdm==4.66.5 /home/kavindu/.local/lib/python3.10/site-packages/tqdm/__init__.py
2024-09-14T14:32:15.969883+00:00 DEBUG 'ansible_navigator.main' tzdata==2024.1 /home/kavindu/.local/lib/python3.10/site-packages/tzdata/__init__.py
2024-09-14T14:32:15.969917+00:00 DEBUG 'ansible_navigator.main' ubuntu-pro-client==8001 
2024-09-14T14:32:15.969949+00:00 DEBUG 'ansible_navigator.main' urllib3==1.26.5 /usr/lib/python3/dist-packages/urllib3/__init__.py
2024-09-14T14:32:15.969982+00:00 DEBUG 'ansible_navigator.main' wadllib==1.3.6 /usr/lib/python3/dist-packages/wadllib/__init__.py
2024-09-14T14:32:15.970013+00:00 DEBUG 'ansible_navigator.main' wheel==0.37.1 /usr/lib/python3/dist-packages/wheel/__init__.py
2024-09-14T14:32:15.970045+00:00 DEBUG 'ansible_navigator.main' xmltodict==0.12.0 /usr/lib/python3/dist-packages/xmltodict.py
2024-09-14T14:32:15.970075+00:00 DEBUG 'ansible_navigator.main' yamllint==1.35.1 /home/kavindu/.local/lib/python3.10/site-packages/yamllint/__init__.py
2024-09-14T14:32:15.970106+00:00 DEBUG 'ansible_navigator.main' zipp==1.0.0 /usr/lib/python3/dist-packages/zipp.py
2024-09-14T14:32:15.970136+00:00 DEBUG 'ansible_navigator.main' Default collection_doc_cache_path set to: /home/kavindu/.cache/ansible-navigator/collection_doc_cache.db
2024-09-14T14:32:15.970168+00:00 DEBUG 'ansible_navigator.main' EDITOR environment variable not set
2024-09-14T14:32:15.970199+00:00 DEBUG 'ansible_navigator.main' Default editor_command set to: vi +{line_number} {filename}
2024-09-14T14:32:15.970229+00:00 DEBUG 'ansible_navigator.main' No config file set by ANSIBLE_NAVIGATOR_CONFIG
2024-09-14T14:32:15.970260+00:00 DEBUG 'ansible_navigator.main' Looking in /home/kavindu/.ansible-navigator
2024-09-14T14:32:15.970290+00:00 DEBUG 'ansible_navigator.main' Looking for '/home/kavindu/.ansible-navigator.yml', '/home/kavindu/.ansible-navigator.yaml' and '/home/kavindu/.ansible-navigator.json'
2024-09-14T14:32:15.970321+00:00 DEBUG 'ansible_navigator.main' Found 0: 
2024-09-14T14:32:15.970351+00:00 DEBUG 'ansible_navigator.main' Looking in /home/kavindu/code/repo/ansible-basics/practice/ansible-navigator
2024-09-14T14:32:15.970381+00:00 DEBUG 'ansible_navigator.main' Looking for '/home/kavindu/code/repo/ansible-basics/practice/ansible-navigator.yml', '/home/kavindu/code/repo/ansible-basics/practice/ansible-navigator.yaml' and '/home/kavindu/code/repo/ansible-basics/practice/ansible-navigator.json'
2024-09-14T14:32:15.970412+00:00 DEBUG 'ansible_navigator.main' Found 1: '/home/kavindu/code/repo/ansible-basics/practice/ansible-navigator.yml'
2024-09-14T14:32:15.970443+00:00 DEBUG 'ansible_navigator.main' All found 1: '/home/kavindu/code/repo/ansible-basics/practice/ansible-navigator.yml'
2024-09-14T14:32:15.970480+00:00 DEBUG 'ansible_navigator.main' Using: /home/kavindu/code/repo/ansible-basics/practice/ansible-navigator.yml
2024-09-14T14:32:15.970536+00:00 DEBUG 'ansible_navigator.main' Using settings file at /home/kavindu/code/repo/ansible-basics/practice/ansible-navigator.yml in search path
2024-09-14T14:32:15.970590+00:00 DEBUG 'ansible_navigator.main' Command provided: 'hello-world.yml'
2024-09-14T14:32:15.970628+00:00 DEBUG 'ansible_navigator.main' ansible-navigator.ansible-runner.artifact-dir not found in settings file
2024-09-14T14:32:15.970671+00:00 DEBUG 'ansible_navigator.main' ansible-navigator.ansible-runner.rotate-artifacts-count not found in settings file
2024-09-14T14:32:15.970760+00:00 DEBUG 'ansible_navigator.main' ansible-navigator.ansible-runner.timeout not found in settings file
2024-09-14T14:32:15.970799+00:00 DEBUG 'ansible_navigator.main' ansible-navigator.ansible-runner.job-events not found in settings file
2024-09-14T14:32:15.970832+00:00 DEBUG 'ansible_navigator.main' ansible-navigator.app not found in settings file
2024-09-14T14:32:15.970864+00:00 DEBUG 'ansible_navigator.main' ansible-navigator.ansible.cmdline not found in settings file
2024-09-14T14:32:15.970896+00:00 DEBUG 'ansible_navigator.main' ansible-navigator.collection-doc-cache-path not found in settings file
2024-09-14T14:32:15.970937+00:00 DEBUG 'ansible_navigator.main' ansible-navigator.ansible.config.path not found in settings file
2024-09-14T14:32:15.970970+00:00 DEBUG 'ansible_navigator.main' ansible-navigator.execution-environment.container-engine not found in settings file
2024-09-14T14:32:15.971001+00:00 DEBUG 'ansible_navigator.main' ansible-navigator.execution-environment.container-options not found in settings file
2024-09-14T14:32:15.971032+00:00 DEBUG 'ansible_navigator.main' ansible-navigator.color.enable not found in settings file
2024-09-14T14:32:15.971063+00:00 DEBUG 'ansible_navigator.main' ansible-navigator.editor.command not found in settings file
2024-09-14T14:32:15.971094+00:00 DEBUG 'ansible_navigator.main' ansible-navigator.editor.console not found in settings file
2024-09-14T14:32:15.971124+00:00 DEBUG 'ansible_navigator.main' ansible-navigator.enable-prompts not found in settings file
2024-09-14T14:32:15.971171+00:00 DEBUG 'ansible_navigator.main' ansible-navigator.exec.command not found in settings file
2024-09-14T14:32:15.971223+00:00 DEBUG 'ansible_navigator.main' ansible-navigator.exec.shell not found in settings file
2024-09-14T14:32:15.971276+00:00 DEBUG 'ansible_navigator.main' ansible-navigator.execution-environment.enabled not found in settings file
2024-09-14T14:32:15.971318+00:00 DEBUG 'ansible_navigator.main' ansible-navigator.execution-environment.volume-mounts not found in settings file
2024-09-14T14:32:15.971352+00:00 DEBUG 'ansible_navigator.main' ansible-navigator.format not found in settings file
2024-09-14T14:32:15.971384+00:00 DEBUG 'ansible_navigator.main' ansible-navigator.ansible-builder.help not found in settings file
2024-09-14T14:32:15.971426+00:00 DEBUG 'ansible_navigator.main' ansible-navigator.ansible.config.help not found in settings file
2024-09-14T14:32:15.971473+00:00 DEBUG 'ansible_navigator.main' ansible-navigator.ansible.doc.help not found in settings file
2024-09-14T14:32:15.971504+00:00 DEBUG 'ansible_navigator.main' ansible-navigator.ansible.inventory.help not found in settings file
2024-09-14T14:32:15.971534+00:00 DEBUG 'ansible_navigator.main' ansible-navigator.ansible.playbook.help not found in settings file
2024-09-14T14:32:15.971567+00:00 DEBUG 'ansible_navigator.main' ansible-navigator.images.details not found in settings file
2024-09-14T14:32:15.971618+00:00 DEBUG 'ansible_navigator.main' ansible-navigator.ansible.inventory.entries not found in settings file
2024-09-14T14:32:15.971648+00:00 DEBUG 'ansible_navigator.main' ansible-navigator.inventory-columns not found in settings file
2024-09-14T14:32:15.971679+00:00 DEBUG 'ansible_navigator.main' ansible-navigator.ansible-lint.config not found in settings file
2024-09-14T14:32:15.971709+00:00 DEBUG 'ansible_navigator.main' ansible-navigator.ansible-lint.lintables not found in settings file
2024-09-14T14:32:15.971739+00:00 DEBUG 'ansible_navigator.main' ansible-navigator.logging.append not found in settings file
2024-09-14T14:32:15.971770+00:00 DEBUG 'ansible_navigator.main' ansible-navigator.logging.file not found in settings file
2024-09-14T14:32:15.971800+00:00 DEBUG 'ansible_navigator.main' ansible-navigator.logging.level not found in settings file
2024-09-14T14:32:15.971830+00:00 DEBUG 'ansible_navigator.main' ansible-navigator.mode not found in settings file
2024-09-14T14:32:15.971860+00:00 DEBUG 'ansible_navigator.main' ansible-navigator.color.osc4 not found in settings file
2024-09-14T14:32:15.971890+00:00 DEBUG 'ansible_navigator.main' ansible-navigator.execution-environment.environment-variables.pass not found in settings file
2024-09-14T14:32:15.971920+00:00 DEBUG 'ansible_navigator.main' ansible-navigator.ansible.playbook.path not found in settings file
2024-09-14T14:32:15.971950+00:00 DEBUG 'ansible_navigator.main' ansible-navigator.playbook-artifact.enable not found in settings file
2024-09-14T14:32:15.971980+00:00 DEBUG 'ansible_navigator.main' ansible-navigator.playbook-artifact.replay not found in settings file
2024-09-14T14:32:15.972019+00:00 DEBUG 'ansible_navigator.main' ansible-navigator.playbook-artifact.save-as not found in settings file
2024-09-14T14:32:15.972051+00:00 DEBUG 'ansible_navigator.main' ansible-navigator.ansible.doc.plugin.name not found in settings file
2024-09-14T14:32:15.972082+00:00 DEBUG 'ansible_navigator.main' ansible-navigator.ansible.doc.plugin.type not found in settings file
2024-09-14T14:32:15.972113+00:00 DEBUG 'ansible_navigator.main' ansible-navigator.execution-environment.pull.arguments not found in settings file
2024-09-14T14:32:15.972143+00:00 DEBUG 'ansible_navigator.main' ansible-navigator.execution-environment.environment-variables.set not found in settings file
2024-09-14T14:32:15.972173+00:00 DEBUG 'ansible_navigator.main' ansible-navigator.settings.effective not found in settings file
2024-09-14T14:32:15.972227+00:00 DEBUG 'ansible_navigator.main' ansible-navigator.settings.sample not found in settings file
2024-09-14T14:32:15.972257+00:00 DEBUG 'ansible_navigator.main' ansible-navigator.settings.schema not found in settings file
2024-09-14T14:32:15.972286+00:00 DEBUG 'ansible_navigator.main' ansible-navigator.settings.sources not found in settings file
2024-09-14T14:32:15.972316+00:00 DEBUG 'ansible_navigator.main' ansible-navigator.time-zone not found in settings file
2024-09-14T14:32:15.972346+00:00 DEBUG 'ansible_navigator.main' ansible-navigator.ansible-builder.workdir not found in settings file
2024-09-14T14:32:15.972380+00:00 WARNING 'ansible_navigator.main' Configuration errors encountered, rolling back to previous configuration.
2024-09-14T14:32:15.972413+00:00 DEBUG 'ansible_navigator.main' Prior to rollback: ansible_runner_artifact_dir = 'Not set' (Constants/Not set)
2024-09-14T14:32:15.972444+00:00 DEBUG 'ansible_navigator.main' Prior to rollback: ansible_runner_rotate_artifacts_count = 'Not set' (Constants/Not set)
2024-09-14T14:32:15.972474+00:00 DEBUG 'ansible_navigator.main' Prior to rollback: ansible_runner_timeout = 'Not set' (Constants/Not set)
2024-09-14T14:32:15.972504+00:00 DEBUG 'ansible_navigator.main' Prior to rollback: ansible_runner_write_job_events = 'False' (bool/Defaults)
2024-09-14T14:32:15.972534+00:00 DEBUG 'ansible_navigator.main' Prior to rollback: app = 'welcome' (str/Defaults)
2024-09-14T14:32:15.972564+00:00 DEBUG 'ansible_navigator.main' Prior to rollback: cmdline = '['hello-world.yml']' (list/Command line)
2024-09-14T14:32:15.972595+00:00 DEBUG 'ansible_navigator.main' Prior to rollback: collection_doc_cache_path = '/home/kavindu/.cache/ansible-navigator/collection_doc_cache.db' (str/Defaults)
2024-09-14T14:32:15.972625+00:00 DEBUG 'ansible_navigator.main' Prior to rollback: config = 'Not set' (Constants/Not set)
2024-09-14T14:32:15.972655+00:00 DEBUG 'ansible_navigator.main' Prior to rollback: container_engine = 'auto' (str/Defaults)
2024-09-14T14:32:15.972684+00:00 DEBUG 'ansible_navigator.main' Prior to rollback: container_options = 'Not set' (Constants/Not set)
2024-09-14T14:32:15.972761+00:00 DEBUG 'ansible_navigator.main' Prior to rollback: display_color = 'True' (bool/Defaults)
2024-09-14T14:32:15.972830+00:00 DEBUG 'ansible_navigator.main' Prior to rollback: editor_command = 'vi +{line_number} {filename}' (str/Defaults)
2024-09-14T14:32:15.972871+00:00 DEBUG 'ansible_navigator.main' Prior to rollback: editor_console = 'True' (bool/Defaults)
2024-09-14T14:32:15.972908+00:00 DEBUG 'ansible_navigator.main' Prior to rollback: enable_prompts = 'False' (bool/Defaults)
2024-09-14T14:32:15.972942+00:00 DEBUG 'ansible_navigator.main' Prior to rollback: exec_command = '/bin/bash' (str/Defaults)
2024-09-14T14:32:15.972974+00:00 DEBUG 'ansible_navigator.main' Prior to rollback: exec_shell = 'True' (bool/Defaults)
2024-09-14T14:32:15.973006+00:00 DEBUG 'ansible_navigator.main' Prior to rollback: execution_environment = 'True' (bool/Defaults)
2024-09-14T14:32:15.973037+00:00 DEBUG 'ansible_navigator.main' Prior to rollback: execution_environment_image = 'ghcr.io/ansible/community-ansible-dev-tools:latest' (str/Settings file)
2024-09-14T14:32:15.973070+00:00 DEBUG 'ansible_navigator.main' Prior to rollback: execution_environment_volume_mounts = 'Not set' (Constants/Not set)
2024-09-14T14:32:15.973110+00:00 DEBUG 'ansible_navigator.main' Prior to rollback: format = 'yaml' (str/Defaults)
2024-09-14T14:32:15.973144+00:00 DEBUG 'ansible_navigator.main' Prior to rollback: help_builder = 'False' (bool/Defaults)
2024-09-14T14:32:15.973176+00:00 DEBUG 'ansible_navigator.main' Prior to rollback: help_config = 'False' (bool/Defaults)
2024-09-14T14:32:15.973207+00:00 DEBUG 'ansible_navigator.main' Prior to rollback: help_doc = 'False' (bool/Defaults)
2024-09-14T14:32:15.973238+00:00 DEBUG 'ansible_navigator.main' Prior to rollback: help_inventory = 'False' (bool/Defaults)
2024-09-14T14:32:15.973269+00:00 DEBUG 'ansible_navigator.main' Prior to rollback: help_playbook = 'False' (bool/Defaults)
2024-09-14T14:32:15.973299+00:00 DEBUG 'ansible_navigator.main' Prior to rollback: images_details = '['everything']' (list/Defaults)
2024-09-14T14:32:15.973330+00:00 DEBUG 'ansible_navigator.main' Prior to rollback: inventory = 'Not set' (Constants/Not set)
2024-09-14T14:32:15.973360+00:00 DEBUG 'ansible_navigator.main' Prior to rollback: inventory_column = 'Not set' (Constants/Not set)
2024-09-14T14:32:15.973391+00:00 DEBUG 'ansible_navigator.main' Prior to rollback: lint_config = 'Not set' (Constants/Not set)
2024-09-14T14:32:15.973422+00:00 DEBUG 'ansible_navigator.main' Prior to rollback: lintables = 'Not set' (Constants/Not set)
2024-09-14T14:32:15.973453+00:00 DEBUG 'ansible_navigator.main' Prior to rollback: log_append = 'True' (bool/Defaults)
2024-09-14T14:32:15.973484+00:00 DEBUG 'ansible_navigator.main' Prior to rollback: log_file = '/home/kavindu/code/repo/ansible-basics/practice/ansible-navigator.log' (str/Defaults)
2024-09-14T14:32:15.973514+00:00 DEBUG 'ansible_navigator.main' Prior to rollback: log_level = 'warning' (str/Defaults)
2024-09-14T14:32:15.973544+00:00 DEBUG 'ansible_navigator.main' Prior to rollback: mode = 'interactive' (str/Defaults)
2024-09-14T14:32:15.973574+00:00 DEBUG 'ansible_navigator.main' Prior to rollback: osc4 = 'True' (bool/Defaults)
2024-09-14T14:32:15.973605+00:00 DEBUG 'ansible_navigator.main' Prior to rollback: pass_environment_variable = 'Not set' (Constants/Not set)
2024-09-14T14:32:15.973634+00:00 DEBUG 'ansible_navigator.main' Prior to rollback: playbook = 'Not set' (Constants/Not set)
2024-09-14T14:32:15.973665+00:00 DEBUG 'ansible_navigator.main' Prior to rollback: playbook_artifact_enable = 'True' (bool/Defaults)
2024-09-14T14:32:15.973695+00:00 DEBUG 'ansible_navigator.main' Prior to rollback: playbook_artifact_replay = 'Not set' (Constants/Not set)
2024-09-14T14:32:15.973724+00:00 DEBUG 'ansible_navigator.main' Prior to rollback: playbook_artifact_save_as = '{playbook_dir}/{playbook_name}-artifact-{time_stamp}.json' (str/Defaults)
2024-09-14T14:32:15.973754+00:00 DEBUG 'ansible_navigator.main' Prior to rollback: plugin_name = 'Not set' (Constants/Not set)
2024-09-14T14:32:15.973784+00:00 DEBUG 'ansible_navigator.main' Prior to rollback: plugin_type = 'module' (str/Defaults)
2024-09-14T14:32:15.973814+00:00 DEBUG 'ansible_navigator.main' Prior to rollback: pull_arguments = 'Not set' (Constants/Not set)
2024-09-14T14:32:15.973845+00:00 DEBUG 'ansible_navigator.main' Prior to rollback: pull_policy = 'missing' (str/Settings file)
2024-09-14T14:32:15.973874+00:00 DEBUG 'ansible_navigator.main' Prior to rollback: set_environment_variable = 'Not set' (Constants/Not set)
2024-09-14T14:32:15.973904+00:00 DEBUG 'ansible_navigator.main' Prior to rollback: settings_effective = 'False' (bool/Defaults)
2024-09-14T14:32:15.973935+00:00 DEBUG 'ansible_navigator.main' Prior to rollback: settings_sample = 'False' (bool/Defaults)
2024-09-14T14:32:15.973966+00:00 DEBUG 'ansible_navigator.main' Prior to rollback: settings_schema = 'json' (str/Defaults)
2024-09-14T14:32:15.973996+00:00 DEBUG 'ansible_navigator.main' Prior to rollback: settings_sources = 'False' (bool/Defaults)
2024-09-14T14:32:15.974027+00:00 DEBUG 'ansible_navigator.main' Prior to rollback: time_zone = 'UTC' (str/Defaults)
2024-09-14T14:32:15.974066+00:00 DEBUG 'ansible_navigator.main' Prior to rollback: workdir = '/home/kavindu/code/repo/ansible-basics/practice' (str/Defaults)
2024-09-14T14:32:15.974099+00:00 DEBUG 'ansible_navigator.main' After rollback: ansible_runner_artifact_dir = 'Not set' (Constants/Not set)
2024-09-14T14:32:15.974131+00:00 DEBUG 'ansible_navigator.main' After rollback: ansible_runner_rotate_artifacts_count = 'Not set' (Constants/Not set)
2024-09-14T14:32:15.974162+00:00 DEBUG 'ansible_navigator.main' After rollback: ansible_runner_timeout = 'Not set' (Constants/Not set)
2024-09-14T14:32:15.974194+00:00 DEBUG 'ansible_navigator.main' After rollback: ansible_runner_write_job_events = 'Not set' (Constants/Not set)
2024-09-14T14:32:15.974225+00:00 DEBUG 'ansible_navigator.main' After rollback: app = 'Not set' (Constants/Not set)
2024-09-14T14:32:15.974256+00:00 DEBUG 'ansible_navigator.main' After rollback: cmdline = 'Not set' (Constants/Not set)
2024-09-14T14:32:15.974287+00:00 DEBUG 'ansible_navigator.main' After rollback: collection_doc_cache_path = 'Not set' (Constants/Not set)
2024-09-14T14:32:15.974318+00:00 DEBUG 'ansible_navigator.main' After rollback: config = 'Not set' (Constants/Not set)
2024-09-14T14:32:15.974349+00:00 DEBUG 'ansible_navigator.main' After rollback: container_engine = 'Not set' (Constants/Not set)
2024-09-14T14:32:15.974380+00:00 DEBUG 'ansible_navigator.main' After rollback: container_options = 'Not set' (Constants/Not set)
2024-09-14T14:32:15.974411+00:00 DEBUG 'ansible_navigator.main' After rollback: display_color = 'Not set' (Constants/Not set)
2024-09-14T14:32:15.974441+00:00 DEBUG 'ansible_navigator.main' After rollback: editor_command = 'Not set' (Constants/Not set)
2024-09-14T14:32:15.974472+00:00 DEBUG 'ansible_navigator.main' After rollback: editor_console = 'Not set' (Constants/Not set)
2024-09-14T14:32:15.974503+00:00 DEBUG 'ansible_navigator.main' After rollback: enable_prompts = 'Not set' (Constants/Not set)
2024-09-14T14:32:15.974534+00:00 DEBUG 'ansible_navigator.main' After rollback: exec_command = 'Not set' (Constants/Not set)
2024-09-14T14:32:15.974565+00:00 DEBUG 'ansible_navigator.main' After rollback: exec_shell = 'Not set' (Constants/Not set)
2024-09-14T14:32:15.974595+00:00 DEBUG 'ansible_navigator.main' After rollback: execution_environment = 'Not set' (Constants/Not set)
2024-09-14T14:32:15.974627+00:00 DEBUG 'ansible_navigator.main' After rollback: execution_environment_image = 'Not set' (Constants/Not set)
2024-09-14T14:32:15.974658+00:00 DEBUG 'ansible_navigator.main' After rollback: execution_environment_volume_mounts = 'Not set' (Constants/Not set)
2024-09-14T14:32:15.974688+00:00 DEBUG 'ansible_navigator.main' After rollback: format = 'Not set' (Constants/Not set)
2024-09-14T14:32:15.974718+00:00 DEBUG 'ansible_navigator.main' After rollback: help_builder = 'Not set' (Constants/Not set)
2024-09-14T14:32:15.974748+00:00 DEBUG 'ansible_navigator.main' After rollback: help_config = 'Not set' (Constants/Not set)
2024-09-14T14:32:15.974778+00:00 DEBUG 'ansible_navigator.main' After rollback: help_doc = 'Not set' (Constants/Not set)
2024-09-14T14:32:15.974808+00:00 DEBUG 'ansible_navigator.main' After rollback: help_inventory = 'Not set' (Constants/Not set)
2024-09-14T14:32:15.974839+00:00 DEBUG 'ansible_navigator.main' After rollback: help_playbook = 'Not set' (Constants/Not set)
2024-09-14T14:32:15.974870+00:00 DEBUG 'ansible_navigator.main' After rollback: images_details = 'Not set' (Constants/Not set)
2024-09-14T14:32:15.974900+00:00 DEBUG 'ansible_navigator.main' After rollback: inventory = 'Not set' (Constants/Not set)
2024-09-14T14:32:15.974931+00:00 DEBUG 'ansible_navigator.main' After rollback: inventory_column = 'Not set' (Constants/Not set)
2024-09-14T14:32:15.974962+00:00 DEBUG 'ansible_navigator.main' After rollback: lint_config = 'Not set' (Constants/Not set)
2024-09-14T14:32:15.974992+00:00 DEBUG 'ansible_navigator.main' After rollback: lintables = 'Not set' (Constants/Not set)
2024-09-14T14:32:15.975023+00:00 DEBUG 'ansible_navigator.main' After rollback: log_append = 'Not set' (Constants/Not set)
2024-09-14T14:32:15.975061+00:00 DEBUG 'ansible_navigator.main' After rollback: log_file = 'Not set' (Constants/Not set)
2024-09-14T14:32:15.975093+00:00 DEBUG 'ansible_navigator.main' After rollback: log_level = 'Not set' (Constants/Not set)
2024-09-14T14:32:15.975124+00:00 DEBUG 'ansible_navigator.main' After rollback: mode = 'Not set' (Constants/Not set)
2024-09-14T14:32:15.975154+00:00 DEBUG 'ansible_navigator.main' After rollback: osc4 = 'Not set' (Constants/Not set)
2024-09-14T14:32:15.975185+00:00 DEBUG 'ansible_navigator.main' After rollback: pass_environment_variable = 'Not set' (Constants/Not set)
2024-09-14T14:32:15.975216+00:00 DEBUG 'ansible_navigator.main' After rollback: playbook = 'Not set' (Constants/Not set)
2024-09-14T14:32:15.975246+00:00 DEBUG 'ansible_navigator.main' After rollback: playbook_artifact_enable = 'Not set' (Constants/Not set)
2024-09-14T14:32:15.975277+00:00 DEBUG 'ansible_navigator.main' After rollback: playbook_artifact_replay = 'Not set' (Constants/Not set)
2024-09-14T14:32:15.975307+00:00 DEBUG 'ansible_navigator.main' After rollback: playbook_artifact_save_as = 'Not set' (Constants/Not set)
2024-09-14T14:32:15.975338+00:00 DEBUG 'ansible_navigator.main' After rollback: plugin_name = 'Not set' (Constants/Not set)
2024-09-14T14:32:15.975368+00:00 DEBUG 'ansible_navigator.main' After rollback: plugin_type = 'Not set' (Constants/Not set)
2024-09-14T14:32:15.975399+00:00 DEBUG 'ansible_navigator.main' After rollback: pull_arguments = 'Not set' (Constants/Not set)
2024-09-14T14:32:15.975430+00:00 DEBUG 'ansible_navigator.main' After rollback: pull_policy = 'Not set' (Constants/Not set)
2024-09-14T14:32:15.975460+00:00 DEBUG 'ansible_navigator.main' After rollback: set_environment_variable = 'Not set' (Constants/Not set)
2024-09-14T14:32:15.975491+00:00 DEBUG 'ansible_navigator.main' After rollback: settings_effective = 'Not set' (Constants/Not set)
2024-09-14T14:32:15.975521+00:00 DEBUG 'ansible_navigator.main' After rollback: settings_sample = 'Not set' (Constants/Not set)
2024-09-14T14:32:15.975551+00:00 DEBUG 'ansible_navigator.main' After rollback: settings_schema = 'Not set' (Constants/Not set)
2024-09-14T14:32:15.975581+00:00 DEBUG 'ansible_navigator.main' After rollback: settings_sources = 'Not set' (Constants/Not set)
2024-09-14T14:32:15.975612+00:00 DEBUG 'ansible_navigator.main' After rollback: time_zone = 'Not set' (Constants/Not set)
2024-09-14T14:32:15.975643+00:00 DEBUG 'ansible_navigator.main' After rollback: workdir = 'Not set' (Constants/Not set)
2024-09-14T14:32:15.975673+00:00 DEBUG 'ansible_navigator.main' Configuration rollback complete.
2024-09-14T14:32:15.975704+00:00 DEBUG 'ansible_navigator.main' Collection doc cache not mounted
2024-09-14T14:32:15.975749+00:00 WARNING 'ansible_navigator.main' Issues were found while applying the settings.
2024-09-14T14:32:15.975788+00:00 INFO 'ansible_navigator.main' Command provided: 'hello-world.yml'
2024-09-14T14:32:15.975830+00:00 ERROR 'ansible_navigator.main' argument {subcommand} --help: invalid choice: 'hello-world.yml' (choose from 'builder', 'collections', 'config', 'doc', 'exec', 'images', 'inventory', 'lint', 'replay', 'run', 'settings', 'welcome')
2024-09-14T14:32:15.975870+00:00 INFO 'ansible_navigator.main' Configuration failed, using default log file location. (/home/kavindu/code/repo/ansible-basics/practice/ansible-navigator.log) Log level set to debug
2024-09-14T14:32:15.975908+00:00 INFO 'ansible_navigator.main' Review the hints and log file to see what went wrong.
2024-09-14T14:32:50.344912+00:00 WARNING 'ansible_navigator.run' Dirty exit, killing the pid
